2! = {2,1} 
3! = {2,1} {3,1} 
4! = {2,3} {3,1} 
5! = {2,3} {3,1} {5,1} 
6! = {2,4} {3,2} {5,1} 
7! = {2,4} {3,2} {5,1} {7,1} 
8! = {2,7} {3,2} {5,1} {7,1} 
9! = {2,7} {3,4} {5,1} {7,1} 
10! = {2,8} {3,4} {5,2} {7,1} 
11! = {2,8} {3,4} {5,2} {7,1} {11,1} 
12! = {2,10} {3,5} {5,2} {7,1} {11,1} 
13! = {2,10} {3,5} {5,2} {7,1} {11,1} {13,1} 
14! = {2,11} {3,5} {5,2} {7,2} {11,1} {13,1} 
15! = {2,11} {3,6} {5,3} {7,2} {11,1} {13,1} 
16! = {2,15} {3,6} {5,3} {7,2} {11,1} {13,1} 
17! = {2,15} {3,6} {5,3} {7,2} {11,1} {13,1} {17,1} 
18! = {2,16} {3,8} {5,3} {7,2} {11,1} {13,1} {17,1} 
19! = {2,16} {3,8} {5,3} {7,2} {11,1} {13,1} {17,1} {19,1} 
20! = {2,18} {3,8} {5,4} {7,2} {11,1} {13,1} {17,1} {19,1} 
21! = {2,18} {3,9} {5,4} {7,3} {11,1} {13,1} {17,1} {19,1} 
22! = {2,19} {3,9} {5,4} {7,3} {11,2} {13,1} {17,1} {19,1} 
23! = {2,19} {3,9} {5,4} {7,3} {11,2} {13,1} {17,1} {19,1} {23,1} 
24! = {2,22} {3,10} {5,4} {7,3} {11,2} {13,1} {17,1} {19,1} {23,1} 
25! = {2,22} {3,10} {5,6} {7,3} {11,2} {13,1} {17,1} {19,1} {23,1} 
26! = {2,23} {3,10} {5,6} {7,3} {11,2} {13,2} {17,1} {19,1} {23,1} 
27! = {2,23} {3,13} {5,6} {7,3} {11,2} {13,2} {17,1} {19,1} {23,1} 
28! = {2,25} {3,13} {5,6} {7,4} {11,2} {13,2} {17,1} {19,1} {23,1} 
29! = {2,25} {3,13} {5,6} {7,4} {11,2} {13,2} {17,1} {19,1} {23,1} {29,1} 
30! = {2,26} {3,14} {5,7} {7,4} {11,2} {13,2} {17,1} {19,1} {23,1} {29,1} 
31! = {2,26} {3,14} {5,7} {7,4} {11,2} {13,2} {17,1} {19,1} {23,1} {29,1} {31,1} 
32! = {2,31} {3,14} {5,7} {7,4} {11,2} {13,2} {17,1} {19,1} {23,1} {29,1} {31,1} 
33! = {2,31} {3,15} {5,7} {7,4} {11,3} {13,2} {17,1} {19,1} {23,1} {29,1} {31,1} 
34! = {2,32} {3,15} {5,7} {7,4} {11,3} {13,2} {17,2} {19,1} {23,1} {29,1} {31,1} 
35! = {2,32} {3,15} {5,8} {7,5} {11,3} {13,2} {17,2} {19,1} {23,1} {29,1} {31,1} 
36! = {2,34} {3,17} {5,8} {7,5} {11,3} {13,2} {17,2} {19,1} {23,1} {29,1} {31,1} 
37! = {2,34} {3,17} {5,8} {7,5} {11,3} {13,2} {17,2} {19,1} {23,1} {29,1} {31,1} {37,1} 
38! = {2,35} {3,17} {5,8} {7,5} {11,3} {13,2} {17,2} {19,2} {23,1} {29,1} {31,1} {37,1} 
39! = {2,35} {3,18} {5,8} {7,5} {11,3} {13,3} {17,2} {19,2} {23,1} {29,1} {31,1} {37,1} 
40! = {2,38} {3,18} {5,9} {7,5} {11,3} {13,3} {17,2} {19,2} {23,1} {29,1} {31,1} {37,1} 
41! = {2,38} {3,18} {5,9} {7,5} {11,3} {13,3} {17,2} {19,2} {23,1} {29,1} {31,1} {37,1} {41,1} 
lower_bound established
